<?xml version="1.0" encoding="UTF-8"?><testsuite errors="0" failures="0" name="com.features.search.SearchByKeywordStory" skipped="1" tests="3" time="24.53" timestamp="2016-07-201 10:52:22"><testcase classname="com.features.search.SearchByKeywordStory" name="Searching by keyword banana should display the corresponding article"/><testcase classname="com.features.search.SearchByKeywordStory" name="Searching by ambiguious keyword should display the disambiguation page"><skipped/></testcase><testcase classname="com.features.search.SearchByKeywordStory" name="Searching by keyword apple should display the corresponding article"/></testsuite>